<?xml version="1.0" encoding="UTF-8"?>
<!-- Generated by org.testng.reporters.JUnitReportReporter -->
<testsuite hostname="DESKTOP-LNJ2M7A" failures="0" tests="3" name="com.automation.uiTests.LoginTest" time="69.298" errors="0" timestamp="2026-03-08T17:40:06 IST" skipped="0">
  <testcase classname="com.automation.uiTests.LoginTest" name="loginTest" time="12.307"/>
  <testcase classname="com.automation.uiTests.LoginTest" name="addProductToCartTest" time="9.053"/>
  <testcase classname="com.automation.uiTests.LoginTest" name="loginTest" time="47.938"/>
</testsuite> <!-- com.automation.uiTests.LoginTest -->
