<?xml version="1.0" encoding="UTF-8"?>
<testng-results ignored="0" total="3" passed="3" failed="0" skipped="0">
  <reporter-output>
  </reporter-output>
  <suite started-at="2026-03-08T17:38:54 IST" name="Default suite" finished-at="2026-03-08T17:40:05 IST" duration-ms="71790">
    <groups>
    </groups>
    <test started-at="2026-03-08T17:38:54 IST" name="Default test" finished-at="2026-03-08T17:40:05 IST" duration-ms="71790">
      <class name="com.automation.uiTests.LoginTest">
        <test-method is-config="true" signature="setup(java.lang.reflect.Method)[pri:0, instance:com.automation.uiTests.LoginTest@71687585]" started-at="2026-03-08T17:38:54 IST" name="setup" finished-at="2026-03-08T17:39:23 IST" duration-ms="28831" status="PASS">
          <params>
            <param index="0">
              <value>
                <![CDATA[public void com.automation.uiTests.LoginTest.addProductToCartTest()]]>
              </value>
            </param>
          </params>
          <reporter-output>
          </reporter-output>
        </test-method> <!-- setup -->
        <test-method signature="addProductToCartTest()[pri:0, instance:com.automation.uiTests.LoginTest@71687585]" started-at="2026-03-08T17:39:23 IST" name="addProductToCartTest" finished-at="2026-03-08T17:39:25 IST" duration-ms="1929" status="PASS">
          <reporter-output>
          </reporter-output>
        </test-method> <!-- addProductToCartTest -->
        <test-method is-config="true" signature="tearDown(org.testng.ITestResult)[pri:0, instance:com.automation.uiTests.LoginTest@71687585]" started-at="2026-03-08T17:39:25 IST" name="tearDown" finished-at="2026-03-08T17:39:28 IST" duration-ms="3690" status="PASS">
          <params>
            <param index="0">
              <value>
                <![CDATA[[TestResult name=addProductToCartTest status=SUCCESS method=LoginTest.addProductToCartTest()[pri:0, instance:com.automation.uiTests.LoginTest@71687585] output={null}]]]>
              </value>
            </param>
          </params>
          <reporter-output>
          </reporter-output>
        </test-method> <!-- tearDown -->
        <test-method is-config="true" signature="setup(java.lang.reflect.Method)[pri:0, instance:com.automation.uiTests.LoginTest@71687585]" started-at="2026-03-08T17:39:31 IST" name="setup" finished-at="2026-03-08T17:39:37 IST" duration-ms="6054" status="PASS">
          <params>
            <param index="0">
              <value>
                <![CDATA[public void com.automation.uiTests.LoginTest.loginTest(java.lang.String,java.lang.String)]]>
              </value>
            </param>
          </params>
          <reporter-output>
          </reporter-output>
        </test-method> <!-- setup -->
        <test-method signature="loginTest(java.lang.String,java.lang.String)[pri:0, instance:com.automation.uiTests.LoginTest@71687585]" started-at="2026-03-08T17:39:37 IST" name="loginTest" data-provider="loginData" finished-at="2026-03-08T17:39:39 IST" duration-ms="2563" status="PASS">
          <params>
            <param index="0">
              <value>
                <![CDATA[standard_user]]>
              </value>
            </param>
            <param index="1">
              <value>
                <![CDATA[secret_sauce]]>
              </value>
            </param>
          </params>
          <reporter-output>
          </reporter-output>
        </test-method> <!-- loginTest -->
        <test-method is-config="true" signature="tearDown(org.testng.ITestResult)[pri:0, instance:com.automation.uiTests.LoginTest@71687585]" started-at="2026-03-08T17:39:39 IST" name="tearDown" finished-at="2026-03-08T17:39:40 IST" duration-ms="670" status="PASS">
          <params>
            <param index="0">
              <value>
                <![CDATA[[TestResult name=loginTest status=SUCCESS method=LoginTest.loginTest(java.lang.String,java.lang.String)[pri:0, instance:com.automation.uiTests.LoginTest@71687585] output={null}]]]>
              </value>
            </param>
          </params>
          <reporter-output>
          </reporter-output>
        </test-method> <!-- tearDown -->
        <test-method is-config="true" signature="setup(java.lang.reflect.Method)[pri:0, instance:com.automation.uiTests.LoginTest@71687585]" started-at="2026-03-08T17:39:40 IST" name="setup" finished-at="2026-03-08T17:39:46 IST" duration-ms="6454" status="PASS">
          <params>
            <param index="0">
              <value>
                <![CDATA[public void com.automation.uiTests.LoginTest.loginTest(java.lang.String,java.lang.String)]]>
              </value>
            </param>
          </params>
          <reporter-output>
          </reporter-output>
        </test-method> <!-- setup -->
        <test-method signature="loginTest(java.lang.String,java.lang.String)[pri:0, instance:com.automation.uiTests.LoginTest@71687585]" started-at="2026-03-08T17:39:46 IST" name="loginTest" data-provider="loginData" finished-at="2026-03-08T17:39:53 IST" duration-ms="6998" status="PASS">
          <params>
            <param index="0">
              <value>
                <![CDATA[performance_glitch_user]]>
              </value>
            </param>
            <param index="1">
              <value>
                <![CDATA[secret_sauce]]>
              </value>
            </param>
          </params>
          <reporter-output>
          </reporter-output>
        </test-method> <!-- loginTest -->
        <test-method is-config="true" signature="tearDown(org.testng.ITestResult)[pri:0, instance:com.automation.uiTests.LoginTest@71687585]" started-at="2026-03-08T17:39:53 IST" name="tearDown" finished-at="2026-03-08T17:40:05 IST" duration-ms="12109" status="PASS">
          <params>
            <param index="0">
              <value>
                <![CDATA[[TestResult name=loginTest status=SUCCESS method=LoginTest.loginTest(java.lang.String,java.lang.String)[pri:0, instance:com.automation.uiTests.LoginTest@71687585] output={null}]]]>
              </value>
            </param>
          </params>
          <reporter-output>
          </reporter-output>
        </test-method> <!-- tearDown -->
      </class> <!-- com.automation.uiTests.LoginTest -->
    </test> <!-- Default test -->
  </suite> <!-- Default suite -->
</testng-results>
