<?xml version="1.0" encoding="UTF-8"?>
<!-- Generated by org.testng.reporters.JUnitXMLReporter -->
<testsuite ignored="0" hostname="DESKTOP-LNJ2M7A" failures="0" tests="3" name="Default test" time="71.79" errors="0" timestamp="2026-03-08T17:40:06 IST">
  <testcase classname="com.automation.uiTests.LoginTest" name="addProductToCartTest" time="1.929"/>
  <testcase classname="com.automation.uiTests.LoginTest" name="loginTest" time="2.563"/>
  <testcase classname="com.automation.uiTests.LoginTest" name="loginTest" time="6.998"/>
</testsuite> <!-- Default test -->
